Running: /opt/Xilinx/14.7/ISE_DS/ISE/bin/lin64/unwrapped/fuse -intstyle ise -incremental -lib unisims_ver -lib unimacro_ver -lib xilinxcorelib_ver -lib secureip -o /media/DATA/Xilinx_Projects/MIPS_16bit/program_memory_tb_isim_beh.exe -prj /media/DATA/Xilinx_Projects/MIPS_16bit/program_memory_tb_beh.prj work.program_memory_tb work.glbl 
ISim P.20131013 (signature 0xfbc00daa)
Number of CPUs detected in this system: 8
Turning on mult-threading, number of parallel sub-compilation jobs: 16 
Determining compilation order of HDL files
Analyzing Verilog file "/media/DATA/Xilinx_Projects/MIPS_16bit/ipcore_dir/PMem.v" into library work
Analyzing Verilog file "/media/DATA/Xilinx_Projects/MIPS_16bit/program_memory.v" into library work
Analyzing Verilog file "/media/DATA/Xilinx_Projects/MIPS_16bit/program_memory_tb.v" into library work
Analyzing Verilog file "/opt/Xilinx/14.7/ISE_DS/ISE//verilog/src/glbl.v" into library work
Starting static elaboration
Completed static elaboration
Fuse Memory Usage: 83924 KB
Fuse CPU Usage: 1060 ms
Compiling module BLK_MEM_GEN_V7_3_output_stage(C_...
Compiling module BLK_MEM_GEN_V7_3_softecc_output_...
Compiling module BLK_MEM_GEN_V7_3_mem_module(C_CO...
Compiling module BLK_MEM_GEN_V7_3(C_FAMILY="artix...
Compiling module PMem
Compiling module program_memory
Compiling module program_memory_tb
Compiling module glbl
Time Resolution for simulation is 1ps.
Waiting for 1 sub-compilation(s) to finish...
Compiled 8 Verilog Units
Built simulation executable /media/DATA/Xilinx_Projects/MIPS_16bit/program_memory_tb_isim_beh.exe
Fuse Memory Usage: 1171764 KB
Fuse CPU Usage: 1180 ms
GCC CPU Usage: 1430 ms
