INFO:sim:172 - Generating IP...
Resolving generics for 'PMem'...
Applying external generics to 'PMem'...
Delivering associated files for 'PMem'...
Delivering EJava files for 'PMem'...
Generating implementation netlist for 'PMem'...
INFO:sim - Pre-processing HDL files for 'PMem'...
Running synthesis for 'PMem'
Running ngcbuild...
Writing VEO instantiation template for 'PMem'...
Writing Verilog behavioral simulation model for 'PMem'...
WARNING:sim - Overwriting existing file
   /media/DATA/Xilinx_Projects/MIPS_16bit/ipcore_dir/tmp/_cg/PMem/doc/blk_mem_ge
   n_v7_3_vinfo.html with file from view xilinx_documentation
Delivered 1 file into directory
/media/DATA/Xilinx_Projects/MIPS_16bit/ipcore_dir/tmp/_cg/PMem
Generating ASY schematic symbol...
INFO:sim:949 - Finished generation of ASY schematic symbol.
Generating SYM schematic symbol for 'PMem'...
Generating metadata file...
Generating ISE project file for 'PMem'...
Generating ISE project...
XCO file found: PMem.xco
XMDF file found: PMem_xmdf.tcl
Adding /media/DATA/Xilinx_Projects/MIPS_16bit/ipcore_dir/tmp/_cg/PMem.asy -view
all -origin_type imported
Adding /media/DATA/Xilinx_Projects/MIPS_16bit/ipcore_dir/tmp/_cg/PMem.ngc -view
all -origin_type created
Checking file
"/media/DATA/Xilinx_Projects/MIPS_16bit/ipcore_dir/tmp/_cg/PMem.ngc" for project
device match ...
File "/media/DATA/Xilinx_Projects/MIPS_16bit/ipcore_dir/tmp/_cg/PMem.ngc" device
information matches project device.
Adding /media/DATA/Xilinx_Projects/MIPS_16bit/ipcore_dir/tmp/_cg/PMem.sym -view
all -origin_type imported
Adding /media/DATA/Xilinx_Projects/MIPS_16bit/ipcore_dir/tmp/_cg/PMem.v -view
all -origin_type created
INFO:HDLCompiler:1845 - Analyzing Verilog file
   "/media/DATA/Xilinx_Projects/MIPS_16bit/ipcore_dir/tmp/_cg/PMem.v" into
   library work
INFO:ProjectMgmt - Parsing design hierarchy completed successfully.
Adding /media/DATA/Xilinx_Projects/MIPS_16bit/ipcore_dir/tmp/_cg/PMem.veo -view
all -origin_type imported
INFO:TclTasksC:2116 - The automatic calculation of top has been turned-off.
   Please set the new top explicitly by running the "project set top" command.
   To re-calculate the new top automatically, set the "Auto Implementation Top"
   property to true.
Top level has been set to "/PMem"
Generating README file...
Generating FLIST file...
INFO:sim:948 - Finished FLIST file generation.
Launching README viewer...
Moving files to output directory...
Finished moving files to output directory
Wrote CGP file for project 'PMem'.
