Command line:
   execution_block_tb_isim_beh.exe
     -simmode  gui
     -simrunnum  0
     -socket  35787

Sun Sep  1 13:31:59 2019


 Elaboration Time: 0.01 sec

 Current Memory Usage: 197.026 Meg

 Total Signals          : 36
 Total Nets             : 186
 Total Signal Drivers   : 23
 Total Blocks           : 5
 Total Primitive Blocks : 3
 Total Processes        : 27
 Total Traceable Variables  : 56
 Total Scalar Nets and Variables : 540
Total Line Count : 116

 Total Simulation Time: 0.02 sec

 Current Memory Usage: 272.527 Meg

Sun Sep  1 13:33:02 2019

